<?xml version="1.0" encoding="UTF-8"?>
<testsuite xmlns:xsi="http://www.w3.org/2001/XMLSchema-instance" xsi:noNamespaceSchemaLocation="https://maven.apache.org/surefire/maven-surefire-plugin/xsd/surefire-test-report-3.0.xsd" version="3.0" name="com.UCLLBackEnd.pony.PonyApplicationTests" time="10.969" tests="1" errors="0" skipped="0" failures="0">
  <properties>
[...]
</properties>
  <testcase name="contextLoads" classname="com.UCLLBackEnd.pony.PonyApplicationTests" time="0.702">
    <system-out><![CDATA[00:45:21.853 [main] INFO org.springframework.test.context.support.AnnotationConfigContextLoaderUtils -- Could not detect default configuration classes for test class [com.UCLLBackEnd.pony.PonyApplicationTests]: PonyApplicationTests does not declare any static, non-private, non-final, nested classes annotated with @Configuration.
00:45:22.009 [main] INFO org.springframework.boot.test.context.SpringBootTestContextBootstrapper -- Found @SpringBootConfiguration com.UCLLBackEnd.pony.PonyApplication for test class com.UCLLBackEnd.pony.PonyApplicationTests
00:45:22.168 [main] INFO org.springframework.boot.devtools.restart.RestartApplicationListener -- Restart disabled due to context in which it is running
2024-06-16T00:45:26.531+02:00  WARN 78120 --- [pony] [           main] org.hibernate.orm.deprecation            : HHH90000025: H2Dialect does not need to be specified explicitly using 'hibernate.dialect' (remove the property setting and it will be selected by default)
2024-06-16T00:45:27.806+02:00 DEBUG 78120 --- [pony] [           main] org.hibernate.SQL                        : drop table if exists addresses cascade 
2024-06-16T00:45:27.819+02:00 DEBUG 78120 --- [pony] [           main] org.hibernate.SQL                        : drop table if exists animals cascade 
2024-06-16T00:45:27.822+02:00 DEBUG 78120 --- [pony] [           main] org.hibernate.SQL                        : drop table if exists stables cascade 
2024-06-16T00:45:27.829+02:00 DEBUG 78120 --- [pony] [           main] org.hibernate.SQL                        : create table addresses (number integer not null, id bigint generated by default as identity, place varchar(255) not null, street varchar(255) not null, primary key (id))
2024-06-16T00:45:27.835+02:00 DEBUG 78120 --- [pony] [           main] org.hibernate.SQL                        : create table animals (age integer not null check ((age>=1) and (age<=50)), id bigint generated by default as identity, stable_id bigint, name varchar(255) not null unique, primary key (id))
2024-06-16T00:45:27.839+02:00 DEBUG 78120 --- [pony] [           main] org.hibernate.SQL                        : create table stables (max_number_of_animals integer not null, address_id bigint unique, id bigint generated by default as identity, name varchar(255) not null, primary key (id))
2024-06-16T00:45:27.841+02:00 DEBUG 78120 --- [pony] [           main] org.hibernate.SQL                        : alter table if exists animals add constraint FKpxey4dbsgvk4v078ted3cw9no foreign key (stable_id) references stables
2024-06-16T00:45:27.845+02:00 DEBUG 78120 --- [pony] [           main] org.hibernate.SQL                        : alter table if exists stables add constraint FK3njb54wm0pgc6utgg6nyhvp9t foreign key (address_id) references addresses
2024-06-16T00:45:29.367+02:00 DEBUG 78120 --- [pony] [           main] org.hibernate.SQL                        : insert into stables (address_id,max_number_of_animals,name,id) values (?,?,?,default)
2024-06-16T00:45:29.369+02:00 TRACE 78120 --- [pony] [           main] org.hibernate.orm.jdbc.bind              : binding parameter (1:BIGINT) <- [1]
2024-06-16T00:45:29.370+02:00 TRACE 78120 --- [pony] [           main] org.hibernate.orm.jdbc.bind              : binding parameter (2:INTEGER) <- [5]
2024-06-16T00:45:29.370+02:00 TRACE 78120 --- [pony] [           main] org.hibernate.orm.jdbc.bind              : binding parameter (3:VARCHAR) <- [StblHn]
2024-06-16T00:45:29.394+02:00 DEBUG 78120 --- [pony] [           main] org.hibernate.SQL                        : insert into stables (address_id,max_number_of_animals,name,id) values (?,?,?,default)
2024-06-16T00:45:29.394+02:00 TRACE 78120 --- [pony] [           main] org.hibernate.orm.jdbc.bind              : binding parameter (1:BIGINT) <- [2]
2024-06-16T00:45:29.395+02:00 TRACE 78120 --- [pony] [           main] org.hibernate.orm.jdbc.bind              : binding parameter (2:INTEGER) <- [5]
2024-06-16T00:45:29.395+02:00 TRACE 78120 --- [pony] [           main] org.hibernate.orm.jdbc.bind              : binding parameter (3:VARCHAR) <- [PonyCo Italia]
2024-06-16T00:45:29.553+02:00 DEBUG 78120 --- [pony] [           main] org.hibernate.SQL                        : select s1_0.id,s1_0.address_id,s1_0.max_number_of_animals,s1_0.name from stables s1_0
2024-06-16T00:45:29.566+02:00 DEBUG 78120 --- [pony] [           main] org.hibernate.SQL                        : select a1_0.id,a1_0.number,a1_0.place,a1_0.street from addresses a1_0 where a1_0.id=?
2024-06-16T00:45:29.566+02:00 TRACE 78120 --- [pony] [           main] org.hibernate.orm.jdbc.bind              : binding parameter (1:BIGINT) <- [1]
2024-06-16T00:45:29.570+02:00 DEBUG 78120 --- [pony] [           main] org.hibernate.SQL                        : select a1_0.id,a1_0.number,a1_0.place,a1_0.street from addresses a1_0 where a1_0.id=?
2024-06-16T00:45:29.570+02:00 TRACE 78120 --- [pony] [           main] org.hibernate.orm.jdbc.bind              : binding parameter (1:BIGINT) <- [2]
2024-06-16T00:45:29.578+02:00 DEBUG 78120 --- [pony] [           main] org.hibernate.SQL                        : insert into animals (age,name,stable_id,id) values (?,?,?,default)
2024-06-16T00:45:29.579+02:00 TRACE 78120 --- [pony] [           main] org.hibernate.orm.jdbc.bind              : binding parameter (1:INTEGER) <- [20]
2024-06-16T00:45:29.579+02:00 TRACE 78120 --- [pony] [           main] org.hibernate.orm.jdbc.bind              : binding parameter (2:VARCHAR) <- [Bella]
2024-06-16T00:45:29.579+02:00 TRACE 78120 --- [pony] [           main] org.hibernate.orm.jdbc.bind              : binding parameter (3:BIGINT) <- [null]
2024-06-16T00:45:29.584+02:00 DEBUG 78120 --- [pony] [           main] org.hibernate.SQL                        : insert into animals (age,name,stable_id,id) values (?,?,?,default)
2024-06-16T00:45:29.585+02:00 TRACE 78120 --- [pony] [           main] org.hibernate.orm.jdbc.bind              : binding parameter (1:INTEGER) <- [10]
2024-06-16T00:45:29.585+02:00 TRACE 78120 --- [pony] [           main] org.hibernate.orm.jdbc.bind              : binding parameter (2:VARCHAR) <- [Luna]
2024-06-16T00:45:29.586+02:00 TRACE 78120 --- [pony] [           main] org.hibernate.orm.jdbc.bind              : binding parameter (3:BIGINT) <- [1]
2024-06-16T00:45:29.587+02:00 DEBUG 78120 --- [pony] [           main] org.hibernate.SQL                        : insert into animals (age,name,stable_id,id) values (?,?,?,default)
2024-06-16T00:45:29.587+02:00 TRACE 78120 --- [pony] [           main] org.hibernate.orm.jdbc.bind              : binding parameter (1:INTEGER) <- [2]
2024-06-16T00:45:29.587+02:00 TRACE 78120 --- [pony] [           main] org.hibernate.orm.jdbc.bind              : binding parameter (2:VARCHAR) <- [Muriel]
2024-06-16T00:45:29.587+02:00 TRACE 78120 --- [pony] [           main] org.hibernate.orm.jdbc.bind              : binding parameter (3:BIGINT) <- [2]
2024-06-16T00:45:29.588+02:00 DEBUG 78120 --- [pony] [           main] org.hibernate.SQL                        : insert into animals (age,name,stable_id,id) values (?,?,?,default)
2024-06-16T00:45:29.590+02:00 TRACE 78120 --- [pony] [           main] org.hibernate.orm.jdbc.bind              : binding parameter (1:INTEGER) <- [1]
2024-06-16T00:45:29.590+02:00 TRACE 78120 --- [pony] [           main] org.hibernate.orm.jdbc.bind              : binding parameter (2:VARCHAR) <- [Little]
2024-06-16T00:45:29.590+02:00 TRACE 78120 --- [pony] [           main] org.hibernate.orm.jdbc.bind              : binding parameter (3:BIGINT) <- [2]
2024-06-16T00:45:29.591+02:00 DEBUG 78120 --- [pony] [           main] org.hibernate.SQL                        : insert into animals (age,name,stable_id,id) values (?,?,?,default)
2024-06-16T00:45:29.591+02:00 TRACE 78120 --- [pony] [           main] org.hibernate.orm.jdbc.bind              : binding parameter (1:INTEGER) <- [32]
2024-06-16T00:45:29.591+02:00 TRACE 78120 --- [pony] [           main] org.hibernate.orm.jdbc.bind              : binding parameter (2:VARCHAR) <- [Breda]
2024-06-16T00:45:29.592+02:00 TRACE 78120 --- [pony] [           main] org.hibernate.orm.jdbc.bind              : binding parameter (3:BIGINT) <- [2]
2024-06-16T00:45:29.593+02:00 DEBUG 78120 --- [pony] [           main] org.hibernate.SQL                        : insert into animals (age,name,stable_id,id) values (?,?,?,default)
2024-06-16T00:45:29.593+02:00 TRACE 78120 --- [pony] [           main] org.hibernate.orm.jdbc.bind              : binding parameter (1:INTEGER) <- [13]
2024-06-16T00:45:29.593+02:00 TRACE 78120 --- [pony] [           main] org.hibernate.orm.jdbc.bind              : binding parameter (2:VARCHAR) <- [Deby]
2024-06-16T00:45:29.593+02:00 TRACE 78120 --- [pony] [           main] org.hibernate.orm.jdbc.bind              : binding parameter (3:BIGINT) <- [2]
2024-06-16T00:45:29.594+02:00 DEBUG 78120 --- [pony] [           main] org.hibernate.SQL                        : insert into animals (age,name,stable_id,id) values (?,?,?,default)
2024-06-16T00:45:29.595+02:00 TRACE 78120 --- [pony] [           main] org.hibernate.orm.jdbc.bind              : binding parameter (1:INTEGER) <- [32]
2024-06-16T00:45:29.595+02:00 TRACE 78120 --- [pony] [           main] org.hibernate.orm.jdbc.bind              : binding parameter (2:VARCHAR) <- [Henry]
2024-06-16T00:45:29.595+02:00 TRACE 78120 --- [pony] [           main] org.hibernate.orm.jdbc.bind              : binding parameter (3:BIGINT) <- [2]
2024-06-16T00:45:29.949+02:00  WARN 78120 --- [pony] [           main] JpaBaseConfiguration$JpaWebConfiguration : spring.jpa.open-in-view is enabled by default. Therefore, database queries may be performed during view rendering. Explicitly configure spring.jpa.open-in-view to disable this warning
]]></system-out>
    <system-err><![CDATA[WARNING: A Java agent has been loaded dynamically (/Users/jashanpreetsingh/.m2/repository/net/bytebuddy/byte-buddy-agent/1.14.16/byte-buddy-agent-1.14.16.jar)
WARNING: If a serviceability tool is in use, please run with -XX:+EnableDynamicAgentLoading to hide this warning
WARNING: If a serviceability tool is not in use, please run with -Djdk.instrument.traceUsage for more information
WARNING: Dynamic loading of agents will be disallowed by default in a future release
]]></system-err>
  </testcase>
</testsuite>