<?xml version="1.0" encoding="UTF-8"?>
<testsuite xmlns:xsi="http://www.w3.org/2001/XMLSchema-instance" xsi:noNamespaceSchemaLocation="https://maven.apache.org/surefire/maven-surefire-plugin/xsd/surefire-test-report-3.0.xsd" version="3.0" name="com.UCLLBackEnd.pony.PonyApplicationTests" time="12.125" tests="1" errors="0" skipped="0" failures="0">
  <properties>
[...]
</properties>
  <testcase name="contextLoads" classname="com.UCLLBackEnd.pony.PonyApplicationTests" time="0.783">
    <system-out><![CDATA[18:28:46.455 [main] INFO org.springframework.test.context.support.AnnotationConfigContextLoaderUtils -- Could not detect default configuration classes for test class [com.UCLLBackEnd.pony.PonyApplicationTests]: PonyApplicationTests does not declare any static, non-private, non-final, nested classes annotated with @Configuration.
18:28:46.620 [main] INFO org.springframework.boot.test.context.SpringBootTestContextBootstrapper -- Found @SpringBootConfiguration com.UCLLBackEnd.pony.PonyApplication for test class com.UCLLBackEnd.pony.PonyApplicationTests
18:28:46.786 [main] INFO org.springframework.boot.devtools.restart.RestartApplicationListener -- Restart disabled due to context in which it is running
2024-06-16T18:28:51.357+02:00  WARN 94830 --- [pony] [           main] org.hibernate.orm.deprecation            : HHH90000025: H2Dialect does not need to be specified explicitly using 'hibernate.dialect' (remove the property setting and it will be selected by default)
2024-06-16T18:28:52.969+02:00 DEBUG 94830 --- [pony] [           main] org.hibernate.SQL                        : drop table if exists addresses cascade 
2024-06-16T18:28:52.983+02:00 DEBUG 94830 --- [pony] [           main] org.hibernate.SQL                        : drop table if exists animals cascade 
2024-06-16T18:28:52.987+02:00 DEBUG 94830 --- [pony] [           main] org.hibernate.SQL                        : drop table if exists animals_toys cascade 
2024-06-16T18:28:52.988+02:00 DEBUG 94830 --- [pony] [           main] org.hibernate.SQL                        : drop table if exists medical_records cascade 
2024-06-16T18:28:52.990+02:00 DEBUG 94830 --- [pony] [           main] org.hibernate.SQL                        : drop table if exists stables cascade 
2024-06-16T18:28:52.991+02:00 DEBUG 94830 --- [pony] [           main] org.hibernate.SQL                        : drop table if exists toys cascade 
2024-06-16T18:28:52.999+02:00 DEBUG 94830 --- [pony] [           main] org.hibernate.SQL                        : create table addresses (number integer not null, id bigint generated by default as identity, place varchar(255) not null, street varchar(255) not null, primary key (id))
2024-06-16T18:28:53.005+02:00 DEBUG 94830 --- [pony] [           main] org.hibernate.SQL                        : create table animals (age integer not null check ((age>=0) and (age<=50)), lays_eggs boolean, id bigint generated by default as identity, stable_id bigint, animal_type varchar(31) not null, name varchar(255) not null unique, primary key (id))
2024-06-16T18:28:53.011+02:00 DEBUG 94830 --- [pony] [           main] org.hibernate.SQL                        : create table animals_toys (animal_id bigint not null, toy_id bigint not null, primary key (animal_id, toy_id))
2024-06-16T18:28:53.013+02:00 DEBUG 94830 --- [pony] [           main] org.hibernate.SQL                        : create table medical_records (closing_date date, registration_date date, animal_id bigint, id bigint generated by default as identity, description varchar(255) not null, primary key (id))
2024-06-16T18:28:53.015+02:00 DEBUG 94830 --- [pony] [           main] org.hibernate.SQL                        : create table stables (max_number_of_animals integer not null, address_id bigint unique, id bigint generated by default as identity, name varchar(255) not null, primary key (id))
2024-06-16T18:28:53.017+02:00 DEBUG 94830 --- [pony] [           main] org.hibernate.SQL                        : create table toys (id bigint generated by default as identity, name varchar(255) not null, primary key (id))
2024-06-16T18:28:53.019+02:00 DEBUG 94830 --- [pony] [           main] org.hibernate.SQL                        : alter table if exists animals add constraint FKpxey4dbsgvk4v078ted3cw9no foreign key (stable_id) references stables
2024-06-16T18:28:53.022+02:00 DEBUG 94830 --- [pony] [           main] org.hibernate.SQL                        : alter table if exists animals_toys add constraint FK7m49500eoyb3g6jhlphbllgl6 foreign key (toy_id) references toys
2024-06-16T18:28:53.023+02:00 DEBUG 94830 --- [pony] [           main] org.hibernate.SQL                        : alter table if exists animals_toys add constraint FKn04tr1g5v0vwn5f12bbvlbep5 foreign key (animal_id) references animals
2024-06-16T18:28:53.026+02:00 DEBUG 94830 --- [pony] [           main] org.hibernate.SQL                        : alter table if exists medical_records add constraint FK31xjhwk190i5n1yryo995f5cw foreign key (animal_id) references animals
2024-06-16T18:28:53.030+02:00 DEBUG 94830 --- [pony] [           main] org.hibernate.SQL                        : alter table if exists stables add constraint FK3njb54wm0pgc6utgg6nyhvp9t foreign key (address_id) references addresses
2024-06-16T18:28:54.801+02:00 DEBUG 94830 --- [pony] [           main] org.hibernate.SQL                        : insert into toys (name,id) values (?,default)
2024-06-16T18:28:54.808+02:00 TRACE 94830 --- [pony] [           main] org.hibernate.orm.jdbc.bind              : binding parameter (1:VARCHAR) <- [Toytoy]
2024-06-16T18:28:54.842+02:00 DEBUG 94830 --- [pony] [           main] org.hibernate.SQL                        : insert into toys (name,id) values (?,default)
2024-06-16T18:28:54.842+02:00 TRACE 94830 --- [pony] [           main] org.hibernate.orm.jdbc.bind              : binding parameter (1:VARCHAR) <- [Nerf Machine Gun]
2024-06-16T18:28:55.001+02:00 DEBUG 94830 --- [pony] [           main] org.hibernate.SQL                        : insert into stables (address_id,max_number_of_animals,name,id) values (?,?,?,default)
2024-06-16T18:28:55.002+02:00 TRACE 94830 --- [pony] [           main] org.hibernate.orm.jdbc.bind              : binding parameter (1:BIGINT) <- [1]
2024-06-16T18:28:55.002+02:00 TRACE 94830 --- [pony] [           main] org.hibernate.orm.jdbc.bind              : binding parameter (2:INTEGER) <- [5]
2024-06-16T18:28:55.002+02:00 TRACE 94830 --- [pony] [           main] org.hibernate.orm.jdbc.bind              : binding parameter (3:VARCHAR) <- [StblHn]
2024-06-16T18:28:55.005+02:00 DEBUG 94830 --- [pony] [           main] org.hibernate.SQL                        : insert into stables (address_id,max_number_of_animals,name,id) values (?,?,?,default)
2024-06-16T18:28:55.005+02:00 TRACE 94830 --- [pony] [           main] org.hibernate.orm.jdbc.bind              : binding parameter (1:BIGINT) <- [2]
2024-06-16T18:28:55.006+02:00 TRACE 94830 --- [pony] [           main] org.hibernate.orm.jdbc.bind              : binding parameter (2:INTEGER) <- [5]
2024-06-16T18:28:55.006+02:00 TRACE 94830 --- [pony] [           main] org.hibernate.orm.jdbc.bind              : binding parameter (3:VARCHAR) <- [PonyCo Italia]
2024-06-16T18:28:55.056+02:00 DEBUG 94830 --- [pony] [           main] org.hibernate.SQL                        : select s1_0.id,s1_0.address_id,s1_0.max_number_of_animals,s1_0.name from stables s1_0
2024-06-16T18:28:55.068+02:00 DEBUG 94830 --- [pony] [           main] org.hibernate.SQL                        : select a1_0.id,a1_0.number,a1_0.place,a1_0.street from addresses a1_0 where a1_0.id=?
2024-06-16T18:28:55.069+02:00 TRACE 94830 --- [pony] [           main] org.hibernate.orm.jdbc.bind              : binding parameter (1:BIGINT) <- [1]
2024-06-16T18:28:55.073+02:00 DEBUG 94830 --- [pony] [           main] org.hibernate.SQL                        : select a1_0.id,a1_0.number,a1_0.place,a1_0.street from addresses a1_0 where a1_0.id=?
2024-06-16T18:28:55.074+02:00 TRACE 94830 --- [pony] [           main] org.hibernate.orm.jdbc.bind              : binding parameter (1:BIGINT) <- [2]
2024-06-16T18:28:55.080+02:00 DEBUG 94830 --- [pony] [           main] org.hibernate.SQL                        : select t1_0.id,t1_0.name from toys t1_0
2024-06-16T18:28:55.085+02:00 DEBUG 94830 --- [pony] [           main] org.hibernate.SQL                        : insert into animals (age,name,stable_id,animal_type,id) values (?,?,?,'PONY',default)
2024-06-16T18:28:55.087+02:00 TRACE 94830 --- [pony] [           main] org.hibernate.orm.jdbc.bind              : binding parameter (1:INTEGER) <- [20]
2024-06-16T18:28:55.088+02:00 TRACE 94830 --- [pony] [           main] org.hibernate.orm.jdbc.bind              : binding parameter (2:VARCHAR) <- [Bella]
2024-06-16T18:28:55.088+02:00 TRACE 94830 --- [pony] [           main] org.hibernate.orm.jdbc.bind              : binding parameter (3:BIGINT) <- [null]
2024-06-16T18:28:55.095+02:00 DEBUG 94830 --- [pony] [           main] org.hibernate.SQL                        : insert into animals (age,name,stable_id,animal_type,id) values (?,?,?,'PONY',default)
2024-06-16T18:28:55.096+02:00 TRACE 94830 --- [pony] [           main] org.hibernate.orm.jdbc.bind              : binding parameter (1:INTEGER) <- [10]
2024-06-16T18:28:55.096+02:00 TRACE 94830 --- [pony] [           main] org.hibernate.orm.jdbc.bind              : binding parameter (2:VARCHAR) <- [Luna]
2024-06-16T18:28:55.096+02:00 TRACE 94830 --- [pony] [           main] org.hibernate.orm.jdbc.bind              : binding parameter (3:BIGINT) <- [1]
2024-06-16T18:28:55.099+02:00 DEBUG 94830 --- [pony] [           main] org.hibernate.SQL                        : insert into animals (age,name,stable_id,lays_eggs,animal_type,id) values (?,?,?,?,'CHICKEN',default)
2024-06-16T18:28:55.100+02:00 TRACE 94830 --- [pony] [           main] org.hibernate.orm.jdbc.bind              : binding parameter (1:INTEGER) <- [2]
2024-06-16T18:28:55.100+02:00 TRACE 94830 --- [pony] [           main] org.hibernate.orm.jdbc.bind              : binding parameter (2:VARCHAR) <- [Muriel]
2024-06-16T18:28:55.100+02:00 TRACE 94830 --- [pony] [           main] org.hibernate.orm.jdbc.bind              : binding parameter (3:BIGINT) <- [2]
2024-06-16T18:28:55.100+02:00 TRACE 94830 --- [pony] [           main] org.hibernate.orm.jdbc.bind              : binding parameter (4:BOOLEAN) <- [true]
2024-06-16T18:28:55.102+02:00 DEBUG 94830 --- [pony] [           main] org.hibernate.SQL                        : insert into animals (age,name,stable_id,lays_eggs,animal_type,id) values (?,?,?,?,'CHICKEN',default)
2024-06-16T18:28:55.105+02:00 TRACE 94830 --- [pony] [           main] org.hibernate.orm.jdbc.bind              : binding parameter (1:INTEGER) <- [1]
2024-06-16T18:28:55.105+02:00 TRACE 94830 --- [pony] [           main] org.hibernate.orm.jdbc.bind              : binding parameter (2:VARCHAR) <- [Little]
2024-06-16T18:28:55.105+02:00 TRACE 94830 --- [pony] [           main] org.hibernate.orm.jdbc.bind              : binding parameter (3:BIGINT) <- [2]
2024-06-16T18:28:55.105+02:00 TRACE 94830 --- [pony] [           main] org.hibernate.orm.jdbc.bind              : binding parameter (4:BOOLEAN) <- [false]
2024-06-16T18:28:55.107+02:00 DEBUG 94830 --- [pony] [           main] org.hibernate.SQL                        : insert into animals (age,name,stable_id,animal_type,id) values (?,?,?,'PONY',default)
2024-06-16T18:28:55.107+02:00 TRACE 94830 --- [pony] [           main] org.hibernate.orm.jdbc.bind              : binding parameter (1:INTEGER) <- [32]
2024-06-16T18:28:55.107+02:00 TRACE 94830 --- [pony] [           main] org.hibernate.orm.jdbc.bind              : binding parameter (2:VARCHAR) <- [Breda]
2024-06-16T18:28:55.107+02:00 TRACE 94830 --- [pony] [           main] org.hibernate.orm.jdbc.bind              : binding parameter (3:BIGINT) <- [2]
2024-06-16T18:28:55.108+02:00 DEBUG 94830 --- [pony] [           main] org.hibernate.SQL                        : insert into animals (age,name,stable_id,animal_type,id) values (?,?,?,'PONY',default)
2024-06-16T18:28:55.108+02:00 TRACE 94830 --- [pony] [           main] org.hibernate.orm.jdbc.bind              : binding parameter (1:INTEGER) <- [13]
2024-06-16T18:28:55.109+02:00 TRACE 94830 --- [pony] [           main] org.hibernate.orm.jdbc.bind              : binding parameter (2:VARCHAR) <- [Deby]
2024-06-16T18:28:55.109+02:00 TRACE 94830 --- [pony] [           main] org.hibernate.orm.jdbc.bind              : binding parameter (3:BIGINT) <- [2]
2024-06-16T18:28:55.110+02:00 DEBUG 94830 --- [pony] [           main] org.hibernate.SQL                        : insert into animals (age,name,stable_id,lays_eggs,animal_type,id) values (?,?,?,?,'CHICKEN',default)
2024-06-16T18:28:55.111+02:00 TRACE 94830 --- [pony] [           main] org.hibernate.orm.jdbc.bind              : binding parameter (1:INTEGER) <- [32]
2024-06-16T18:28:55.111+02:00 TRACE 94830 --- [pony] [           main] org.hibernate.orm.jdbc.bind              : binding parameter (2:VARCHAR) <- [Henry]
2024-06-16T18:28:55.112+02:00 TRACE 94830 --- [pony] [           main] org.hibernate.orm.jdbc.bind              : binding parameter (3:BIGINT) <- [2]
2024-06-16T18:28:55.112+02:00 TRACE 94830 --- [pony] [           main] org.hibernate.orm.jdbc.bind              : binding parameter (4:BOOLEAN) <- [true]
2024-06-16T18:28:55.123+02:00 DEBUG 94830 --- [pony] [           main] org.hibernate.SQL                        : insert into animals_toys (animal_id,toy_id) values (?,?)
2024-06-16T18:28:55.123+02:00 TRACE 94830 --- [pony] [           main] org.hibernate.orm.jdbc.bind              : binding parameter (1:BIGINT) <- [4]
2024-06-16T18:28:55.123+02:00 TRACE 94830 --- [pony] [           main] org.hibernate.orm.jdbc.bind              : binding parameter (2:BIGINT) <- [1]
2024-06-16T18:28:55.124+02:00 DEBUG 94830 --- [pony] [           main] org.hibernate.SQL                        : insert into animals_toys (animal_id,toy_id) values (?,?)
2024-06-16T18:28:55.124+02:00 TRACE 94830 --- [pony] [           main] org.hibernate.orm.jdbc.bind              : binding parameter (1:BIGINT) <- [4]
2024-06-16T18:28:55.124+02:00 TRACE 94830 --- [pony] [           main] org.hibernate.orm.jdbc.bind              : binding parameter (2:BIGINT) <- [2]
2024-06-16T18:28:55.125+02:00 DEBUG 94830 --- [pony] [           main] org.hibernate.SQL                        : insert into animals_toys (animal_id,toy_id) values (?,?)
2024-06-16T18:28:55.125+02:00 TRACE 94830 --- [pony] [           main] org.hibernate.orm.jdbc.bind              : binding parameter (1:BIGINT) <- [6]
2024-06-16T18:28:55.125+02:00 TRACE 94830 --- [pony] [           main] org.hibernate.orm.jdbc.bind              : binding parameter (2:BIGINT) <- [1]
2024-06-16T18:28:55.132+02:00 DEBUG 94830 --- [pony] [           main] org.hibernate.SQL                        : select a1_0.id,a1_0.animal_type,a1_0.age,a1_0.name,a1_0.stable_id,a1_0.lays_eggs from animals a1_0
2024-06-16T18:28:55.135+02:00 DEBUG 94830 --- [pony] [           main] org.hibernate.SQL                        : select s1_0.id,a1_0.id,a1_0.number,a1_0.place,a1_0.street,s1_0.max_number_of_animals,s1_0.name from stables s1_0 left join addresses a1_0 on a1_0.id=s1_0.address_id where s1_0.id=?
2024-06-16T18:28:55.136+02:00 TRACE 94830 --- [pony] [           main] org.hibernate.orm.jdbc.bind              : binding parameter (1:BIGINT) <- [1]
2024-06-16T18:28:55.137+02:00 DEBUG 94830 --- [pony] [           main] org.hibernate.SQL                        : select s1_0.id,a1_0.id,a1_0.number,a1_0.place,a1_0.street,s1_0.max_number_of_animals,s1_0.name from stables s1_0 left join addresses a1_0 on a1_0.id=s1_0.address_id where s1_0.id=?
2024-06-16T18:28:55.138+02:00 TRACE 94830 --- [pony] [           main] org.hibernate.orm.jdbc.bind              : binding parameter (1:BIGINT) <- [2]
2024-06-16T18:28:55.145+02:00 DEBUG 94830 --- [pony] [           main] org.hibernate.SQL                        : insert into medical_records (animal_id,closing_date,description,registration_date,id) values (?,?,?,?,default)
2024-06-16T18:28:55.146+02:00 TRACE 94830 --- [pony] [           main] org.hibernate.orm.jdbc.bind              : binding parameter (1:BIGINT) <- [2]
2024-06-16T18:28:55.146+02:00 TRACE 94830 --- [pony] [           main] org.hibernate.orm.jdbc.bind              : binding parameter (2:DATE) <- [null]
2024-06-16T18:28:55.146+02:00 TRACE 94830 --- [pony] [           main] org.hibernate.orm.jdbc.bind              : binding parameter (3:VARCHAR) <- [Ate too much bad food]
2024-06-16T18:28:55.147+02:00 TRACE 94830 --- [pony] [           main] org.hibernate.orm.jdbc.bind              : binding parameter (4:DATE) <- [2024-03-10]
2024-06-16T18:28:55.150+02:00 DEBUG 94830 --- [pony] [           main] org.hibernate.SQL                        : insert into medical_records (animal_id,closing_date,description,registration_date,id) values (?,?,?,?,default)
2024-06-16T18:28:55.150+02:00 TRACE 94830 --- [pony] [           main] org.hibernate.orm.jdbc.bind              : binding parameter (1:BIGINT) <- [2]
2024-06-16T18:28:55.151+02:00 TRACE 94830 --- [pony] [           main] org.hibernate.orm.jdbc.bind              : binding parameter (2:DATE) <- [2024-05-20]
2024-06-16T18:28:55.151+02:00 TRACE 94830 --- [pony] [           main] org.hibernate.orm.jdbc.bind              : binding parameter (3:VARCHAR) <- [Sick]
2024-06-16T18:28:55.151+02:00 TRACE 94830 --- [pony] [           main] org.hibernate.orm.jdbc.bind              : binding parameter (4:DATE) <- [2024-05-01]
2024-06-16T18:28:55.475+02:00  WARN 94830 --- [pony] [           main] JpaBaseConfiguration$JpaWebConfiguration : spring.jpa.open-in-view is enabled by default. Therefore, database queries may be performed during view rendering. Explicitly configure spring.jpa.open-in-view to disable this warning
]]></system-out>
    <system-err><![CDATA[WARNING: A Java agent has been loaded dynamically (/Users/jashanpreetsingh/.m2/repository/net/bytebuddy/byte-buddy-agent/1.14.16/byte-buddy-agent-1.14.16.jar)
WARNING: If a serviceability tool is in use, please run with -XX:+EnableDynamicAgentLoading to hide this warning
WARNING: If a serviceability tool is not in use, please run with -Djdk.instrument.traceUsage for more information
WARNING: Dynamic loading of agents will be disallowed by default in a future release
]]></system-err>
  </testcase>
</testsuite>